This is pdfTeX, Version 3.14159265-2.6-1.40.19 (TeX Live 2018/W32TeX) (preloaded format=pdflatex 2018.11.18)  25 NOV 2018 18:22
entering extended mode
 restricted \write18 enabled.
 %&-line parsing enabled.
**"NN18 Task 2 Luis Moran Cordon 118XXXXX Quentin Loiseau 11805618.tex"
(./NN18 Task 2 Luis Moran Cordon 118XXXXX Quentin Loiseau 11805618.tex
LaTeX2e <2018-04-01> patch level 2
Babel <3.18> and hyphenation patterns for 84 language(s) loaded.
(c:/texlive/2018/texmf-dist/tex/latex/base/report.cls
Document Class: report 2014/09/29 v1.4h Standard LaTeX document class
(c:/texlive/2018/texmf-dist/tex/latex/base/size10.clo
File: size10.clo 2014/09/29 v1.4h Standard LaTeX file (size option)
)
\c@part=\count80
\c@chapter=\count81
\c@section=\count82
\c@subsection=\count83
\c@subsubsection=\count84
\c@paragraph=\count85
\c@subparagraph=\count86
\c@figure=\count87
\c@table=\count88
\abovecaptionskip=\skip41
\belowcaptionskip=\skip42
\bibindent=\dimen102
)
(c:/texlive/2018/texmf-dist/tex/latex/base/inputenc.sty
Package: inputenc 2018/04/06 v1.3b Input encoding file
\inpenc@prehook=\toks14
\inpenc@posthook=\toks15
)
(c:/texlive/2018/texmf-dist/tex/latex/base/fontenc.sty
Package: fontenc 2017/04/05 v2.0i Standard LaTeX package

(c:/texlive/2018/texmf-dist/tex/latex/base/t1enc.def
File: t1enc.def 2017/04/05 v2.0i Standard LaTeX file
LaTeX Font Info:    Redeclaring font encoding T1 on input line 48.
))
(c:/texlive/2018/texmf-dist/tex/generic/babel/babel.sty
Package: babel 2018/02/14 3.18 The Babel package

(c:/texlive/2018/texmf-dist/tex/generic/babel/switch.def
File: switch.def 2018/02/14 3.18 Babel switching mechanism
)
(c:/texlive/2018/texmf-dist/tex/generic/babel-english/british.ldf
Language: british 2017/06/06 v3.3r English support from the babel system

(c:/texlive/2018/texmf-dist/tex/generic/babel-english/english.ldf
Language: english 2017/06/06 v3.3r English support from the babel system

(c:/texlive/2018/texmf-dist/tex/generic/babel/babel.def
File: babel.def 2018/02/14 3.18 Babel common definitions
\babel@savecnt=\count89
\U@D=\dimen103

(c:/texlive/2018/texmf-dist/tex/generic/babel/txtbabel.def)
\bbl@dirlevel=\count90
)
\l@canadian = a dialect from \language\l@american 
\l@australian = a dialect from \language\l@british 
\l@newzealand = a dialect from \language\l@british 
))
(c:/texlive/2018/texmf-dist/tex/generic/babel-english/UKenglish.ldf
Language: UKenglish 2017/06/06 v3.3r English support from the babel system

(c:/texlive/2018/texmf-dist/tex/generic/babel-english/english.ldf
Language: english 2017/06/06 v3.3r English support from the babel system
))
(c:/texlive/2018/texmf-dist/tex/generic/babel-english/USenglish.ldf
Language: USenglish 2017/06/06 v3.3r English support from the babel system

(c:/texlive/2018/texmf-dist/tex/generic/babel-english/english.ldf
Language: english 2017/06/06 v3.3r English support from the babel system
))
(c:/texlive/2018/texmf-dist/tex/generic/babel-english/english.ldf
Language: english 2017/06/06 v3.3r English support from the babel system
)
(c:/texlive/2018/texmf-dist/tex/generic/babel-english/american.ldf
Language: american 2017/06/06 v3.3r English support from the babel system

(c:/texlive/2018/texmf-dist/tex/generic/babel-english/english.ldf
Language: english 2017/06/06 v3.3r English support from the babel system
)))

Package Babel Warning: The package option `english' should not be used
(Babel)                with a more specific one (like `american') on input line
 8.

(c:/texlive/2018/texmf-dist/tex/latex/base/textcomp.sty
Package: textcomp 2017/04/05 v2.0i Standard LaTeX package
Package textcomp Info: Sub-encoding information:
(textcomp)               5 = only ISO-Adobe without \textcurrency
(textcomp)               4 = 5 + \texteuro
(textcomp)               3 = 4 + \textohm
(textcomp)               2 = 3 + \textestimated + \textcurrency
(textcomp)               1 = TS1 - \textcircled - \t
(textcomp)               0 = TS1 (full)
(textcomp)             Font families with sub-encoding setting implement
(textcomp)             only a restricted character set as indicated.
(textcomp)             Family '?' is the default used for unknown fonts.
(textcomp)             See the documentation for details.
Package textcomp Info: Setting ? sub-encoding to TS1/1 on input line 79.

(c:/texlive/2018/texmf-dist/tex/latex/base/ts1enc.def
File: ts1enc.def 2001/06/05 v3.0e (jk/car/fm) Standard LaTeX file
Now handling font encoding TS1 ...
... processing UTF-8 mapping file for font encoding TS1

(c:/texlive/2018/texmf-dist/tex/latex/base/ts1enc.dfu
File: ts1enc.dfu 2018/04/05 v1.2c UTF-8 support for inputenc
   defining Unicode char U+00A2 (decimal 162)
   defining Unicode char U+00A3 (decimal 163)
   defining Unicode char U+00A4 (decimal 164)
   defining Unicode char U+00A5 (decimal 165)
   defining Unicode char U+00A6 (decimal 166)
   defining Unicode char U+00A7 (decimal 167)
   defining Unicode char U+00A8 (decimal 168)
   defining Unicode char U+00A9 (decimal 169)
   defining Unicode char U+00AA (decimal 170)
   defining Unicode char U+00AC (decimal 172)
   defining Unicode char U+00AE (decimal 174)
   defining Unicode char U+00AF (decimal 175)
   defining Unicode char U+00B0 (decimal 176)
   defining Unicode char U+00B1 (decimal 177)
   defining Unicode char U+00B2 (decimal 178)
   defining Unicode char U+00B3 (decimal 179)
   defining Unicode char U+00B4 (decimal 180)
   defining Unicode char U+00B5 (decimal 181)
   defining Unicode char U+00B6 (decimal 182)
   defining Unicode char U+00B7 (decimal 183)
   defining Unicode char U+00B9 (decimal 185)
   defining Unicode char U+00BA (decimal 186)
   defining Unicode char U+00BC (decimal 188)
   defining Unicode char U+00BD (decimal 189)
   defining Unicode char U+00BE (decimal 190)
   defining Unicode char U+00D7 (decimal 215)
   defining Unicode char U+00F7 (decimal 247)
   defining Unicode char U+0192 (decimal 402)
   defining Unicode char U+02C7 (decimal 711)
   defining Unicode char U+02D8 (decimal 728)
   defining Unicode char U+02DD (decimal 733)
   defining Unicode char U+0E3F (decimal 3647)
   defining Unicode char U+2016 (decimal 8214)
   defining Unicode char U+2020 (decimal 8224)
   defining Unicode char U+2021 (decimal 8225)
   defining Unicode char U+2022 (decimal 8226)
   defining Unicode char U+2030 (decimal 8240)
   defining Unicode char U+2031 (decimal 8241)
   defining Unicode char U+203B (decimal 8251)
   defining Unicode char U+203D (decimal 8253)
   defining Unicode char U+2044 (decimal 8260)
   defining Unicode char U+204E (decimal 8270)
   defining Unicode char U+2052 (decimal 8274)
   defining Unicode char U+20A1 (decimal 8353)
   defining Unicode char U+20A4 (decimal 8356)
   defining Unicode char U+20A6 (decimal 8358)
   defining Unicode char U+20A9 (decimal 8361)
   defining Unicode char U+20AB (decimal 8363)
   defining Unicode char U+20AC (decimal 8364)
   defining Unicode char U+20B1 (decimal 8369)
   defining Unicode char U+2103 (decimal 8451)
   defining Unicode char U+2116 (decimal 8470)
   defining Unicode char U+2117 (decimal 8471)
   defining Unicode char U+211E (decimal 8478)
   defining Unicode char U+2120 (decimal 8480)
   defining Unicode char U+2122 (decimal 8482)
   defining Unicode char U+2126 (decimal 8486)
   defining Unicode char U+2127 (decimal 8487)
   defining Unicode char U+212E (decimal 8494)
   defining Unicode char U+2190 (decimal 8592)
   defining Unicode char U+2191 (decimal 8593)
   defining Unicode char U+2192 (decimal 8594)
   defining Unicode char U+2193 (decimal 8595)
   defining Unicode char U+2329 (decimal 9001)
   defining Unicode char U+232A (decimal 9002)
   defining Unicode char U+2422 (decimal 9250)
   defining Unicode char U+25E6 (decimal 9702)
   defining Unicode char U+25EF (decimal 9711)
   defining Unicode char U+266A (decimal 9834)
   defining Unicode char U+FEFF (decimal 65279)
))
LaTeX Info: Redefining \oldstylenums on input line 334.
Package textcomp Info: Setting cmr sub-encoding to TS1/0 on input line 349.
Package textcomp Info: Setting cmss sub-encoding to TS1/0 on input line 350.
Package textcomp Info: Setting cmtt sub-encoding to TS1/0 on input line 351.
Package textcomp Info: Setting cmvtt sub-encoding to TS1/0 on input line 352.
Package textcomp Info: Setting cmbr sub-encoding to TS1/0 on input line 353.
Package textcomp Info: Setting cmtl sub-encoding to TS1/0 on input line 354.
Package textcomp Info: Setting ccr sub-encoding to TS1/0 on input line 355.
Package textcomp Info: Setting ptm sub-encoding to TS1/4 on input line 356.
Package textcomp Info: Setting pcr sub-encoding to TS1/4 on input line 357.
Package textcomp Info: Setting phv sub-encoding to TS1/4 on input line 358.
Package textcomp Info: Setting ppl sub-encoding to TS1/3 on input line 359.
Package textcomp Info: Setting pag sub-encoding to TS1/4 on input line 360.
Package textcomp Info: Setting pbk sub-encoding to TS1/4 on input line 361.
Package textcomp Info: Setting pnc sub-encoding to TS1/4 on input line 362.
Package textcomp Info: Setting pzc sub-encoding to TS1/4 on input line 363.
Package textcomp Info: Setting bch sub-encoding to TS1/4 on input line 364.
Package textcomp Info: Setting put sub-encoding to TS1/5 on input line 365.
Package textcomp Info: Setting uag sub-encoding to TS1/5 on input line 366.
Package textcomp Info: Setting ugq sub-encoding to TS1/5 on input line 367.
Package textcomp Info: Setting ul8 sub-encoding to TS1/4 on input line 368.
Package textcomp Info: Setting ul9 sub-encoding to TS1/4 on input line 369.
Package textcomp Info: Setting augie sub-encoding to TS1/5 on input line 370.
Package textcomp Info: Setting dayrom sub-encoding to TS1/3 on input line 371.
Package textcomp Info: Setting dayroms sub-encoding to TS1/3 on input line 372.

Package textcomp Info: Setting pxr sub-encoding to TS1/0 on input line 373.
Package textcomp Info: Setting pxss sub-encoding to TS1/0 on input line 374.
Package textcomp Info: Setting pxtt sub-encoding to TS1/0 on input line 375.
Package textcomp Info: Setting txr sub-encoding to TS1/0 on input line 376.
Package textcomp Info: Setting txss sub-encoding to TS1/0 on input line 377.
Package textcomp Info: Setting txtt sub-encoding to TS1/0 on input line 378.
Package textcomp Info: Setting lmr sub-encoding to TS1/0 on input line 379.
Package textcomp Info: Setting lmdh sub-encoding to TS1/0 on input line 380.
Package textcomp Info: Setting lmss sub-encoding to TS1/0 on input line 381.
Package textcomp Info: Setting lmssq sub-encoding to TS1/0 on input line 382.
Package textcomp Info: Setting lmvtt sub-encoding to TS1/0 on input line 383.
Package textcomp Info: Setting lmtt sub-encoding to TS1/0 on input line 384.
Package textcomp Info: Setting qhv sub-encoding to TS1/0 on input line 385.
Package textcomp Info: Setting qag sub-encoding to TS1/0 on input line 386.
Package textcomp Info: Setting qbk sub-encoding to TS1/0 on input line 387.
Package textcomp Info: Setting qcr sub-encoding to TS1/0 on input line 388.
Package textcomp Info: Setting qcs sub-encoding to TS1/0 on input line 389.
Package textcomp Info: Setting qpl sub-encoding to TS1/0 on input line 390.
Package textcomp Info: Setting qtm sub-encoding to TS1/0 on input line 391.
Package textcomp Info: Setting qzc sub-encoding to TS1/0 on input line 392.
Package textcomp Info: Setting qhvc sub-encoding to TS1/0 on input line 393.
Package textcomp Info: Setting futs sub-encoding to TS1/4 on input line 394.
Package textcomp Info: Setting futx sub-encoding to TS1/4 on input line 395.
Package textcomp Info: Setting futj sub-encoding to TS1/4 on input line 396.
Package textcomp Info: Setting hlh sub-encoding to TS1/3 on input line 397.
Package textcomp Info: Setting hls sub-encoding to TS1/3 on input line 398.
Package textcomp Info: Setting hlst sub-encoding to TS1/3 on input line 399.
Package textcomp Info: Setting hlct sub-encoding to TS1/5 on input line 400.
Package textcomp Info: Setting hlx sub-encoding to TS1/5 on input line 401.
Package textcomp Info: Setting hlce sub-encoding to TS1/5 on input line 402.
Package textcomp Info: Setting hlcn sub-encoding to TS1/5 on input line 403.
Package textcomp Info: Setting hlcw sub-encoding to TS1/5 on input line 404.
Package textcomp Info: Setting hlcf sub-encoding to TS1/5 on input line 405.
Package textcomp Info: Setting pplx sub-encoding to TS1/3 on input line 406.
Package textcomp Info: Setting pplj sub-encoding to TS1/3 on input line 407.
Package textcomp Info: Setting ptmx sub-encoding to TS1/4 on input line 408.
Package textcomp Info: Setting ptmj sub-encoding to TS1/4 on input line 409.
)
(c:/texlive/2018/texmf-dist/tex/latex/lm/lmodern.sty
Package: lmodern 2009/10/30 v1.6 Latin Modern Fonts
LaTeX Font Info:    Overwriting symbol font `operators' in version `normal'
(Font)                  OT1/cmr/m/n --> OT1/lmr/m/n on input line 22.
LaTeX Font Info:    Overwriting symbol font `letters' in version `normal'
(Font)                  OML/cmm/m/it --> OML/lmm/m/it on input line 23.
LaTeX Font Info:    Overwriting symbol font `symbols' in version `normal'
(Font)                  OMS/cmsy/m/n --> OMS/lmsy/m/n on input line 24.
LaTeX Font Info:    Overwriting symbol font `largesymbols' in version `normal'
(Font)                  OMX/cmex/m/n --> OMX/lmex/m/n on input line 25.
LaTeX Font Info:    Overwriting symbol font `operators' in version `bold'
(Font)                  OT1/cmr/bx/n --> OT1/lmr/bx/n on input line 26.
LaTeX Font Info:    Overwriting symbol font `letters' in version `bold'
(Font)                  OML/cmm/b/it --> OML/lmm/b/it on input line 27.
LaTeX Font Info:    Overwriting symbol font `symbols' in version `bold'
(Font)                  OMS/cmsy/b/n --> OMS/lmsy/b/n on input line 28.
LaTeX Font Info:    Overwriting symbol font `largesymbols' in version `bold'
(Font)                  OMX/cmex/m/n --> OMX/lmex/m/n on input line 29.
LaTeX Font Info:    Overwriting math alphabet `\mathbf' in version `normal'
(Font)                  OT1/cmr/bx/n --> OT1/lmr/bx/n on input line 31.
LaTeX Font Info:    Overwriting math alphabet `\mathsf' in version `normal'
(Font)                  OT1/cmss/m/n --> OT1/lmss/m/n on input line 32.
LaTeX Font Info:    Overwriting math alphabet `\mathit' in version `normal'
(Font)                  OT1/cmr/m/it --> OT1/lmr/m/it on input line 33.
LaTeX Font Info:    Overwriting math alphabet `\mathtt' in version `normal'
(Font)                  OT1/cmtt/m/n --> OT1/lmtt/m/n on input line 34.
LaTeX Font Info:    Overwriting math alphabet `\mathbf' in version `bold'
(Font)                  OT1/cmr/bx/n --> OT1/lmr/bx/n on input line 35.
LaTeX Font Info:    Overwriting math alphabet `\mathsf' in version `bold'
(Font)                  OT1/cmss/bx/n --> OT1/lmss/bx/n on input line 36.
LaTeX Font Info:    Overwriting math alphabet `\mathit' in version `bold'
(Font)                  OT1/cmr/bx/it --> OT1/lmr/bx/it on input line 37.
LaTeX Font Info:    Overwriting math alphabet `\mathtt' in version `bold'
(Font)                  OT1/cmtt/m/n --> OT1/lmtt/m/n on input line 38.
)
(c:/texlive/2018/texmf-dist/tex/latex/geometry/geometry.sty
Package: geometry 2018/03/24 v5.7 Page Geometry

(c:/texlive/2018/texmf-dist/tex/latex/graphics/keyval.sty
Package: keyval 2014/10/28 v1.15 key=value parser (DPC)
\KV@toks@=\toks16
)
(c:/texlive/2018/texmf-dist/tex/generic/oberdiek/ifpdf.sty
Package: ifpdf 2017/03/15 v3.2 Provides the ifpdf switch
)
(c:/texlive/2018/texmf-dist/tex/generic/oberdiek/ifvtex.sty
Package: ifvtex 2016/05/16 v1.6 Detect VTeX and its facilities (HO)
Package ifvtex Info: VTeX not detected.
)
(c:/texlive/2018/texmf-dist/tex/generic/ifxetex/ifxetex.sty
Package: ifxetex 2010/09/12 v0.6 Provides ifxetex conditional
)
\Gm@cnth=\count91
\Gm@cntv=\count92
\c@Gm@tempcnt=\count93
\Gm@bindingoffset=\dimen104
\Gm@wd@mp=\dimen105
\Gm@odd@mp=\dimen106
\Gm@even@mp=\dimen107
\Gm@layoutwidth=\dimen108
\Gm@layoutheight=\dimen109
\Gm@layouthoffset=\dimen110
\Gm@layoutvoffset=\dimen111
\Gm@dimlist=\toks17
)
(c:/texlive/2018/texmf-dist/tex/latex/graphics/graphicx.sty
Package: graphicx 2017/06/01 v1.1a Enhanced LaTeX Graphics (DPC,SPQR)

(c:/texlive/2018/texmf-dist/tex/latex/graphics/graphics.sty
Package: graphics 2017/06/25 v1.2c Standard LaTeX Graphics (DPC,SPQR)

(c:/texlive/2018/texmf-dist/tex/latex/graphics/trig.sty
Package: trig 2016/01/03 v1.10 sin cos tan (DPC)
)
(c:/texlive/2018/texmf-dist/tex/latex/graphics-cfg/graphics.cfg
File: graphics.cfg 2016/06/04 v1.11 sample graphics configuration
)
Package graphics Info: Driver file: pdftex.def on input line 99.

(c:/texlive/2018/texmf-dist/tex/latex/graphics-def/pdftex.def
File: pdftex.def 2018/01/08 v1.0l Graphics/color driver for pdftex
))
\Gin@req@height=\dimen112
\Gin@req@width=\dimen113
)
(c:/texlive/2018/texmf-dist/tex/generic/ulem/ulem.sty
\UL@box=\box26
\UL@hyphenbox=\box27
\UL@skip=\skip43
\UL@hook=\toks18
\UL@height=\dimen114
\UL@pe=\count94
\UL@pixel=\dimen115
\ULC@box=\box28
Package: ulem 2012/05/18
\ULdepth=\dimen116
)
(c:/texlive/2018/texmf-dist/tex/latex/tools/array.sty
Package: array 2018/04/07 v2.4g Tabular extension package (FMi)
\col@sep=\dimen117
\ar@mcellbox=\box29
\extrarowheight=\dimen118
\NC@list=\toks19
\extratabsurround=\skip44
\backup@length=\skip45
\ar@cellbox=\box30
)
(c:/texlive/2018/texmf-dist/tex/latex/tools/calc.sty
Package: calc 2017/05/25 v4.3 Infix arithmetic (KKT,FJ)
\calc@Acount=\count95
\calc@Bcount=\count96
\calc@Adimen=\dimen119
\calc@Bdimen=\dimen120
\calc@Askip=\skip46
\calc@Bskip=\skip47
LaTeX Info: Redefining \setlength on input line 80.
LaTeX Info: Redefining \addtolength on input line 81.
\calc@Ccount=\count97
\calc@Cskip=\skip48
)
(c:/texlive/2018/texmf-dist/tex/latex/amsmath/amsmath.sty
Package: amsmath 2017/09/02 v2.17a AMS math features
\@mathmargin=\skip49

For additional information on amsmath, use the `?' option.
(c:/texlive/2018/texmf-dist/tex/latex/amsmath/amstext.sty
Package: amstext 2000/06/29 v2.01 AMS text

(c:/texlive/2018/texmf-dist/tex/latex/amsmath/amsgen.sty
File: amsgen.sty 1999/11/30 v2.0 generic functions
\@emptytoks=\toks20
\ex@=\dimen121
))
(c:/texlive/2018/texmf-dist/tex/latex/amsmath/amsbsy.sty
Package: amsbsy 1999/11/29 v1.2d Bold Symbols
\pmbraise@=\dimen122
)
(c:/texlive/2018/texmf-dist/tex/latex/amsmath/amsopn.sty
Package: amsopn 2016/03/08 v2.02 operator names
)
\inf@bad=\count98
LaTeX Info: Redefining \frac on input line 213.
\uproot@=\count99
\leftroot@=\count100
LaTeX Info: Redefining \overline on input line 375.
\classnum@=\count101
\DOTSCASE@=\count102
LaTeX Info: Redefining \ldots on input line 472.
LaTeX Info: Redefining \dots on input line 475.
LaTeX Info: Redefining \cdots on input line 596.
\Mathstrutbox@=\box31
\strutbox@=\box32
\big@size=\dimen123
LaTeX Font Info:    Redeclaring font encoding OML on input line 712.
LaTeX Font Info:    Redeclaring font encoding OMS on input line 713.
\macc@depth=\count103
\c@MaxMatrixCols=\count104
\dotsspace@=\muskip10
\c@parentequation=\count105
\dspbrk@lvl=\count106
\tag@help=\toks21
\row@=\count107
\column@=\count108
\maxfields@=\count109
\andhelp@=\toks22
\eqnshift@=\dimen124
\alignsep@=\dimen125
\tagshift@=\dimen126
\tagwidth@=\dimen127
\totwidth@=\dimen128
\lineht@=\dimen129
\@envbody=\toks23
\multlinegap=\skip50
\multlinetaggap=\skip51
\mathdisplay@stack=\toks24
LaTeX Info: Redefining \[ on input line 2817.
LaTeX Info: Redefining \] on input line 2818.
)
(c:/texlive/2018/texmf-dist/tex/latex/soul/soul.sty
Package: soul 2003/11/17 v2.4 letterspacing/underlining (mf)
\SOUL@word=\toks25
\SOUL@lasttoken=\toks26
\SOUL@cmds=\toks27
\SOUL@buffer=\toks28
\SOUL@token=\toks29
\SOUL@spaceskip=\skip52
\SOUL@ttwidth=\dimen130
\SOUL@uldp=\dimen131
\SOUL@ulht=\dimen132
)
(c:/texlive/2018/texmf-dist/tex/latex/fancyhdr/fancyhdr.sty
Package: fancyhdr 2017/06/30 v3.9a Extensive control of page headers and footer
s
\f@nch@headwidth=\skip53
\f@nch@O@elh=\skip54
\f@nch@O@erh=\skip55
\f@nch@O@olh=\skip56
\f@nch@O@orh=\skip57
\f@nch@O@elf=\skip58
\f@nch@O@erf=\skip59
\f@nch@O@olf=\skip60
\f@nch@O@orf=\skip61
)
(c:/texlive/2018/texmf-dist/tex/latex/colortbl/colortbl.sty
Package: colortbl 2012/02/13 v1.0a Color table columns (DPC)

(c:/texlive/2018/texmf-dist/tex/latex/graphics/color.sty
Package: color 2016/07/10 v1.1e Standard LaTeX Color (DPC)

(c:/texlive/2018/texmf-dist/tex/latex/graphics-cfg/color.cfg
File: color.cfg 2016/01/02 v1.6 sample color configuration
)
Package color Info: Driver file: pdftex.def on input line 147.
)
\everycr=\toks30
\minrowclearance=\skip62
)
(c:/texlive/2018/texmf-dist/tex/latex/listings/listings.sty
\lst@mode=\count110
\lst@gtempboxa=\box33
\lst@token=\toks31
\lst@length=\count111
\lst@currlwidth=\dimen133
\lst@column=\count112
\lst@pos=\count113
\lst@lostspace=\dimen134
\lst@width=\dimen135
\lst@newlines=\count114
\lst@lineno=\count115
\lst@maxwidth=\dimen136

(c:/texlive/2018/texmf-dist/tex/latex/listings/lstmisc.sty
File: lstmisc.sty 2015/06/04 1.6 (Carsten Heinz)
\c@lstnumber=\count116
\lst@skipnumbers=\count117
\lst@framebox=\box34
)
(c:/texlive/2018/texmf-dist/tex/latex/listings/listings.cfg
File: listings.cfg 2015/06/04 1.6 listings configuration
))
Package: listings 2015/06/04 1.6 (Carsten Heinz)

(c:/texlive/2018/texmf-dist/tex/latex/url/url.sty
\Urlmuskip=\muskip11
Package: url 2013/09/16  ver 3.4  Verb mode for urls, etc.
)
(c:/texlive/2018/texmf-dist/tex/latex/hyperref/hyperref.sty
Package: hyperref 2018/02/06 v6.86b Hypertext links for LaTeX

(c:/texlive/2018/texmf-dist/tex/generic/oberdiek/hobsub-hyperref.sty
Package: hobsub-hyperref 2016/05/16 v1.14 Bundle oberdiek, subset hyperref (HO)


(c:/texlive/2018/texmf-dist/tex/generic/oberdiek/hobsub-generic.sty
Package: hobsub-generic 2016/05/16 v1.14 Bundle oberdiek, subset generic (HO)
Package: hobsub 2016/05/16 v1.14 Construct package bundles (HO)
Package: infwarerr 2016/05/16 v1.4 Providing info/warning/error messages (HO)
Package: ltxcmds 2016/05/16 v1.23 LaTeX kernel commands for general use (HO)
Package: ifluatex 2016/05/16 v1.4 Provides the ifluatex switch (HO)
Package ifluatex Info: LuaTeX not detected.
Package hobsub Info: Skipping package `ifvtex' (already loaded).
Package: intcalc 2016/05/16 v1.2 Expandable calculations with integers (HO)
Package hobsub Info: Skipping package `ifpdf' (already loaded).
Package: etexcmds 2016/05/16 v1.6 Avoid name clashes with e-TeX commands (HO)
Package etexcmds Info: Could not find \expanded.
(etexcmds)             That can mean that you are not using pdfTeX 1.50 or
(etexcmds)             that some package has redefined \expanded.
(etexcmds)             In the latter case, load this package earlier.
Package: kvsetkeys 2016/05/16 v1.17 Key value parser (HO)
Package: kvdefinekeys 2016/05/16 v1.4 Define keys (HO)
Package: pdftexcmds 2018/01/30 v0.27 Utility functions of pdfTeX for LuaTeX (HO
)
Package pdftexcmds Info: LuaTeX not detected.
Package pdftexcmds Info: \pdf@primitive is available.
Package pdftexcmds Info: \pdf@ifprimitive is available.
Package pdftexcmds Info: \pdfdraftmode found.
Package: pdfescape 2016/05/16 v1.14 Implements pdfTeX's escape features (HO)
Package: bigintcalc 2016/05/16 v1.4 Expandable calculations on big integers (HO
)
Package: bitset 2016/05/16 v1.2 Handle bit-vector datatype (HO)
Package: uniquecounter 2016/05/16 v1.3 Provide unlimited unique counter (HO)
)
Package hobsub Info: Skipping package `hobsub' (already loaded).
Package: letltxmacro 2016/05/16 v1.5 Let assignment for LaTeX macros (HO)
Package: hopatch 2016/05/16 v1.3 Wrapper for package hooks (HO)
Package: xcolor-patch 2016/05/16 xcolor patch
Package: atveryend 2016/05/16 v1.9 Hooks at the very end of document (HO)
Package atveryend Info: \enddocument detected (standard20110627).
Package: atbegshi 2016/06/09 v1.18 At begin shipout hook (HO)
Package: refcount 2016/05/16 v3.5 Data extraction from label references (HO)
Package: hycolor 2016/05/16 v1.8 Color options for hyperref/bookmark (HO)
)
(c:/texlive/2018/texmf-dist/tex/latex/oberdiek/auxhook.sty
Package: auxhook 2016/05/16 v1.4 Hooks for auxiliary files (HO)
)
(c:/texlive/2018/texmf-dist/tex/latex/oberdiek/kvoptions.sty
Package: kvoptions 2016/05/16 v3.12 Key value format for package options (HO)
)
\@linkdim=\dimen137
\Hy@linkcounter=\count118
\Hy@pagecounter=\count119

(c:/texlive/2018/texmf-dist/tex/latex/hyperref/pd1enc.def
File: pd1enc.def 2018/02/06 v6.86b Hyperref: PDFDocEncoding definition (HO)
Now handling font encoding PD1 ...
... no UTF-8 mapping file for font encoding PD1
)
\Hy@SavedSpaceFactor=\count120

(c:/texlive/2018/texmf-dist/tex/latex/latexconfig/hyperref.cfg
File: hyperref.cfg 2002/06/06 v1.2 hyperref configuration of TeXLive
)
Package hyperref Info: Option `colorlinks' set `true' on input line 4383.
Package hyperref Info: Hyper figures OFF on input line 4509.
Package hyperref Info: Link nesting OFF on input line 4514.
Package hyperref Info: Hyper index ON on input line 4517.
Package hyperref Info: Plain pages OFF on input line 4524.
Package hyperref Info: Backreferencing OFF on input line 4529.
Package hyperref Info: Implicit mode ON; LaTeX internals redefined.
Package hyperref Info: Bookmarks ON on input line 4762.
\c@Hy@tempcnt=\count121
LaTeX Info: Redefining \url on input line 5115.
\XeTeXLinkMargin=\dimen138
\Fld@menulength=\count122
\Field@Width=\dimen139
\Fld@charsize=\dimen140
Package hyperref Info: Hyper figures OFF on input line 6369.
Package hyperref Info: Link nesting OFF on input line 6374.
Package hyperref Info: Hyper index ON on input line 6377.
Package hyperref Info: backreferencing OFF on input line 6384.
Package hyperref Info: Link coloring ON on input line 6387.
Package hyperref Info: Link coloring with OCG OFF on input line 6394.
Package hyperref Info: PDF/A mode OFF on input line 6399.
LaTeX Info: Redefining \ref on input line 6439.
LaTeX Info: Redefining \pageref on input line 6443.
\Hy@abspage=\count123
\c@Item=\count124
\c@Hfootnote=\count125
)
Package hyperref Info: Driver (autodetected): hpdftex.

(c:/texlive/2018/texmf-dist/tex/latex/hyperref/hpdftex.def
File: hpdftex.def 2018/02/06 v6.86b Hyperref driver for pdfTeX
\Fld@listcount=\count126
\c@bookmark@seq@number=\count127

(c:/texlive/2018/texmf-dist/tex/latex/oberdiek/rerunfilecheck.sty
Package: rerunfilecheck 2016/05/16 v1.8 Rerun checks for auxiliary files (HO)
Package uniquecounter Info: New unique counter `rerunfilecheck' on input line 2
82.
)
\Hy@SectionHShift=\skip63
)
(c:/texlive/2018/texmf-dist/tex/latex/amsfonts/amsfonts.sty
Package: amsfonts 2013/01/14 v3.01 Basic AMSFonts support
\symAMSa=\mathgroup4
\symAMSb=\mathgroup5
LaTeX Font Info:    Overwriting math alphabet `\mathfrak' in version `bold'
(Font)                  U/euf/m/n --> U/euf/b/n on input line 106.
)
(c:/texlive/2018/texmf-dist/tex/latex/amsfonts/amssymb.sty
Package: amssymb 2013/01/14 v3.01 AMS font symbols
)
(c:/texlive/2018/texmf-dist/tex/latex/caption/caption.sty
Package: caption 2016/02/21 v3.3-144 Customizing captions (AR)

(c:/texlive/2018/texmf-dist/tex/latex/caption/caption3.sty
Package: caption3 2016/05/22 v1.7-166 caption3 kernel (AR)
Package caption3 Info: TeX engine: e-TeX on input line 67.
\captionmargin=\dimen141
\captionmargin@=\dimen142
\captionwidth=\dimen143
\caption@tempdima=\dimen144
\caption@indent=\dimen145
\caption@parindent=\dimen146
\caption@hangindent=\dimen147
)
\c@ContinuedFloat=\count128
Package caption Info: hyperref package is loaded.
Package caption Info: listings package is loaded.
)
(c:/texlive/2018/texmf-dist/tex/latex/float/float.sty
Package: float 2001/11/08 v1.3d Float enhancements (AL)
\c@float@type=\count129
\float@exts=\toks32
\float@box=\box35
\@float@everytoks=\toks33
\@floatcapt=\box36
)
(c:/texlive/2018/texmf-dist/tex/latex/enumitem/enumitem.sty
Package: enumitem 2011/09/28 v3.5.2 Customized lists
\labelindent=\skip64
\enit@outerparindent=\dimen148
\enit@toks=\toks34
\enit@inbox=\box37
\enitdp@description=\count130
)
(c:/texlive/2018/texmf-dist/tex/latex/pstricks/pstricks.sty
Package: pstricks 2018/01/06 v0.67 LaTeX wrapper for `PSTricks' (RN,HV)

(c:/texlive/2018/texmf-dist/tex/generic/iftex/iftex.sty
Package: iftex 2013/04/04 v0.2 Provides if(tex) conditional for PDFTeX, XeTeX, 
and LuaTeX
)
(c:/texlive/2018/texmf-dist/tex/latex/tools/shellesc.sty
Package: shellesc 2016/06/07 v0.02a unified shell escape interface for LaTeX
Package shellesc Info: Restricted shell escape enabled on input line 69.
)
(c:/texlive/2018/texmf-dist/tex/latex/xcolor/xcolor.sty
Package: xcolor 2016/05/11 v2.12 LaTeX color extensions (UK)

(c:/texlive/2018/texmf-dist/tex/latex/graphics-cfg/color.cfg
File: color.cfg 2016/01/02 v1.6 sample color configuration
)
Package xcolor Info: Driver file: pdftex.def on input line 225.
LaTeX Info: Redefining \color on input line 709.
Package xcolor Info: Model `cmy' substituted by `cmy0' on input line 1348.
Package xcolor Info: Model `hsb' substituted by `rgb' on input line 1352.
Package xcolor Info: Model `RGB' extended on input line 1364.
Package xcolor Info: Model `HTML' substituted by `rgb' on input line 1366.
Package xcolor Info: Model `Hsb' substituted by `hsb' on input line 1367.
Package xcolor Info: Model `tHsb' substituted by `hsb' on input line 1368.
Package xcolor Info: Model `HSB' substituted by `hsb' on input line 1369.
Package xcolor Info: Model `Gray' substituted by `gray' on input line 1370.
Package xcolor Info: Model `wave' substituted by `hsb' on input line 1371.
)
(c:/texlive/2018/texmf-dist/tex/generic/xkeyval/pst-xkey.tex
File: pst-xkey.tex 2005/11/25 v1.6 PSTricks specialization of xkeyval (HA)

(c:/texlive/2018/texmf-dist/tex/latex/xkeyval/xkeyval.sty
Package: xkeyval 2014/12/03 v2.7a package option processing (HA)

(c:/texlive/2018/texmf-dist/tex/generic/xkeyval/xkeyval.tex
(c:/texlive/2018/texmf-dist/tex/generic/xkeyval/xkvutils.tex
\XKV@toks=\toks35
\XKV@tempa@toks=\toks36
)
\XKV@depth=\count131
File: xkeyval.tex 2014/12/03 v2.7a key=value parser (HA)
)))
(c:/texlive/2018/texmf-dist/tex/generic/pstricks/pstricks.tex
(c:/texlive/2018/texmf-dist/tex/generic/pstricks/pst-fp.tex
`pst-fp' v0.05, 2010/01/17 (hv)
\pstFP@xs=\count132
\pstFP@xia=\count133
\pstFP@xib=\count134
\pstFP@xfa=\count135
\pstFP@xfb=\count136
\pstFP@rega=\count137
\pstFP@regb=\count138
\pstFP@regs=\count139
\pstFP@times=\count140
)
(c:/texlive/2018/texmf-dist/tex/generic/pgf/utilities/pgfutil-common.tex
\pgfutil@everybye=\toks37
\pgfutil@tempdima=\dimen149
\pgfutil@tempdimb=\dimen150

(c:/texlive/2018/texmf-dist/tex/generic/pgf/utilities/pgfutil-common-lists.tex)
) (c:/texlive/2018/texmf-dist/tex/generic/pgf/utilities/pgfkeys.code.tex
\pgfkeys@pathtoks=\toks38
\pgfkeys@temptoks=\toks39

(c:/texlive/2018/texmf-dist/tex/generic/pgf/utilities/pgfkeysfiltered.code.tex
\pgfkeys@tmptoks=\toks40
)) (c:/texlive/2018/texmf-dist/tex/generic/pgf/utilities/pgffor.code.tex
(c:/texlive/2018/texmf-dist/tex/generic/pgf/math/pgfmath.code.tex
(c:/texlive/2018/texmf-dist/tex/generic/pgf/math/pgfmathcalc.code.tex
(c:/texlive/2018/texmf-dist/tex/generic/pgf/math/pgfmathutil.code.tex
\pgf@x=\dimen151
\pgf@xa=\dimen152
\pgf@xb=\dimen153
\pgf@xc=\dimen154
\pgf@y=\dimen155
\pgf@ya=\dimen156
\pgf@yb=\dimen157
\pgf@yc=\dimen158
\c@pgf@counta=\count141
\c@pgf@countb=\count142
\c@pgf@countc=\count143
\c@pgf@countd=\count144
\pgfutil@tempcnta=\count145
\pgfutil@tempcntb=\count146
)
(c:/texlive/2018/texmf-dist/tex/generic/pgf/math/pgfmathparser.code.tex
\pgfmath@dimen=\dimen159
\pgfmath@count=\count147
\pgfmath@box=\box38
\pgfmath@toks=\toks41
\pgfmath@stack@operand=\toks42
\pgfmath@stack@operation=\toks43
)
(c:/texlive/2018/texmf-dist/tex/generic/pgf/math/pgfmathfunctions.code.tex
(c:/texlive/2018/texmf-dist/tex/generic/pgf/math/pgfmathfunctions.basic.code.te
x)
(c:/texlive/2018/texmf-dist/tex/generic/pgf/math/pgfmathfunctions.trigonometric
.code.tex)
(c:/texlive/2018/texmf-dist/tex/generic/pgf/math/pgfmathfunctions.random.code.t
ex)
(c:/texlive/2018/texmf-dist/tex/generic/pgf/math/pgfmathfunctions.comparison.co
de.tex)
(c:/texlive/2018/texmf-dist/tex/generic/pgf/math/pgfmathfunctions.base.code.tex
)
(c:/texlive/2018/texmf-dist/tex/generic/pgf/math/pgfmathfunctions.round.code.te
x)
(c:/texlive/2018/texmf-dist/tex/generic/pgf/math/pgfmathfunctions.misc.code.tex
)
(c:/texlive/2018/texmf-dist/tex/generic/pgf/math/pgfmathfunctions.integerarithm
etics.code.tex)))
(c:/texlive/2018/texmf-dist/tex/generic/pgf/math/pgfmathfloat.code.tex
\c@pgfmathroundto@lastzeros=\count148
))
\pgffor@iter=\dimen160
\pgffor@skip=\dimen161
\pgffor@stack=\toks44
\pgffor@toks=\toks45
)
\psLoopIndex=\count149

`PSTricks' v2.82  <2018/01/06> (tvz,hv)
\pst@dima=\dimen162
\pst@dimb=\dimen163
\pst@dimc=\dimen164
\pst@dimd=\dimen165
\pst@dimg=\dimen166
\pst@dimh=\dimen167
\pst@dimm=\dimen168
\pst@dimn=\dimen169
\pst@dimo=\dimen170
\pst@dimp=\dimen171
\pst@hbox=\box39
\pst@ibox=\box40
\pst@boxg=\box41
\pst@cnta=\count150
\pst@cntb=\count151
\pst@cntc=\count152
\pst@cntd=\count153
\pst@cntg=\count154
\pst@cnth=\count155
\pst@cntm=\count156
\pst@cntn=\count157
\pst@cnto=\count158
\pst@cntp=\count159
\@zero=\count160
\pst@toks=\toks46
(c:/texlive/2018/texmf-dist/tex/generic/pstricks/pstricks.con)
\psunit=\dimen172
\psxunit=\dimen173
\psyunit=\dimen174
\pst@C@@rType=\count161
\pslinewidth=\dimen175
\psk@startLW=\dimen176
\psk@endLW=\dimen177
\pst@customdefs=\toks47
\pslinearc=\dimen178
\pst@symbolStep=\dimen179
\pst@symbolWidth=\dimen180
\pst@symbolLinewidth=\dimen181
\everypsbox=\toks48
\psframesep=\dimen182
\pslabelsep=\dimen183
\sh@wgridXunit=\dimen184
\sh@wgridYunit=\dimen185
\pst@shift=\dimen186
)
File: pstricks.tex 2018/01/06 v2.82 `PSTricks' (tvz,hv)

(c:/texlive/2018/texmf-dist/tex/generic/pstricks/pst-fp.tex)
File: pst-fp.tex 2018/01/06 v2.82 `PST-fp' (hv)
)
(c:/texlive/2018/texmf-dist/tex/latex/pst-plot/pst-plot.sty
Package: pst-plot 2011/06/05 v1.00 LaTeX wrapper for `pst-plot' (HV)

(c:/texlive/2018/texmf-dist/tex/latex/xkeyval/pst-xkey.sty
Package: pst-xkey 2005/11/25 v1.6 package wrapper for pst-xkey.tex (HA)
)
(c:/texlive/2018/texmf-dist/tex/latex/multido/multido.sty
Package: multido 2004/05/17 package wrapper for PSTricks `multido.tex', (HV/RN)


(c:/texlive/2018/texmf-dist/tex/generic/multido/multido.tex
 v1.42, 2010/05/14 <tvz>
\multido@count=\count162
\multidocount=\count163
\multido@stuff=\toks49
)
File: multido.tex 2010/05/14 v1.42 `multido' (tvz,hv)
)
Package: pst-plot 2011/04/13 package wrapper for pst-plot.tex (hv)

(c:/texlive/2018/texmf-dist/tex/generic/pst-plot/pst-plot.tex
(c:/texlive/2018/texmf-dist/tex/generic/pst-tools/pst-tools.tex
`PST-tools' v0.09b, 2017/12/03 (hv))
(c:/texlive/2018/texmf-dist/tex/generic/pstricks-add/pstricks-add.tex
(c:/texlive/2018/texmf-dist/tex/generic/pst-node/pst-node.tex
 v1.41, 2017/12/30
\psrow=\count164
\pscol=\count165
\psmatrixcnt=\count166
\psrowsep=\skip65
\pscolsep=\skip66
\pst@args=\count167
\num@pts=\count168
\pst@argcnt=\count169
)
(c:/texlive/2018/texmf-dist/tex/generic/pst-arrow/pst-arrow.tex
`pst-arrow' v0.01, 2016/09/01 (dr,hv)
\pshooklength=\dimen187
\pshookwidth=\dimen188
)
(c:/texlive/2018/texmf-dist/tex/generic/pst-3d/pst-3d.tex
`PST-3d' v1.11, 2010/02/14 (tvz))
(c:/texlive/2018/texmf-dist/tex/generic/pst-math/pst-math.tex
`pst-math' v0.63 , (CJ,hv)) `pstricks-add' v3.85a, 2018/02/03 (dr,hv)
\psparallelogramsep=\dimen189
\pst@cntC=\count170
\pst@stepcount=\count171
\chart@ColorIndex=\dimen190
\chart@ColorStep=\dimen191
\pst@chartHeight=\dimen192
\pst@chartStackDepth=\dimen193
\pst@chartStackWidth=\dimen194
\chart@Toggle=\count172
\psVectorCtr=\count173
)
 v1.90, 2018/03/28 (tvz,hv)
\pstRadUnit=\dimen195
\pstRadUnitInv=\dimen196
\pst@linecnt=\count174
\RCD@file=\read1
\psxlabelsep=\dimen197
\psylabelsep=\dimen198
\psk@subticksize=\dimen199
\pst@xticksizeA=\dimen256
\pst@xticksizeB=\dimen257
\pst@xticksizeC=\dimen258
\pst@yticksizeA=\dimen259
\pst@yticksizeB=\dimen260
\pst@yticksizeC=\dimen261
\@digitcounter=\count175
\psk@llx=\dimen262
\psk@lly=\dimen263
\psk@urx=\dimen264
\psk@ury=\dimen265
\pst@xunit=\dimen266
\pst@yunit=\dimen267
)
File: pst-plot.tex 2018/03/28 1.90 `pst-plot' (tvz,hv)
)
(c:/texlive/2018/texmf-dist/tex/latex/pstricks-add/pstricks-add.sty
(c:/texlive/2018/texmf-dist/tex/latex/pst-node/pst-node.sty
Package: pst-node 2012/09/18 v1.01 LaTeX wrapper for `pst-node' (HV)
Package: pst-node 2010/04/22 package wrapper for pst-node.tex

(c:/texlive/2018/texmf-dist/tex/generic/pst-node/pst-node.tex)
File: pst-node.tex 2018/03/28 1.90 `pst-node' (tvz,hv)
)
(c:/texlive/2018/texmf-dist/tex/latex/pst-3d/pst-3d.sty
Package: pst-3d 2009/07/28 package wrapper for pst-3d.tex (hv)

(c:/texlive/2018/texmf-dist/tex/generic/pst-3d/pst-3d.tex)
File: pst-3d.tex 2018/03/28 v1.90 `PST-3d' (hv)
)
(c:/texlive/2018/texmf-dist/tex/latex/pst-math/pst-math.sty
Package: pst-math 2014/07/30 package wrapper for PSTricks pst-math.tex

(c:/texlive/2018/texmf-dist/tex/generic/pst-math/pst-math.tex)
File: pst-math.tex 2018/03/28 v1.90 `PST-math' (hv)
)
Package: pstricks-add 2018/02/03 v. 0.15 package wrapper for pstricks-add.tex (
hv)

(c:/texlive/2018/texmf-dist/tex/generic/pstricks-add/pstricks-add.tex)
File: pstricks-add.tex 2018/03/28 v1.90 `PSTricks-add' (hv)

(c:/texlive/2018/texmf-dist/tex/latex/l3packages/xparse/xparse.sty
(c:/texlive/2018/texmf-dist/tex/latex/l3kernel/expl3.sty
Package: expl3 2018/03/05 L3 programming layer (loader) 

(c:/texlive/2018/texmf-dist/tex/latex/l3kernel/expl3-code.tex
Package: expl3 2018/03/05 L3 programming layer (code)
\c_max_int=\count176
\l_tmpa_int=\count177
\l_tmpb_int=\count178
\g_tmpa_int=\count179
\g_tmpb_int=\count180
\g__intarray_font_int=\count181
\g__prg_map_int=\count182
\c_log_iow=\count183
\l_iow_line_count_int=\count184
\l__iow_line_target_int=\count185
\l__iow_one_indent_int=\count186
\l__iow_indent_int=\count187
\c_zero_dim=\dimen268
\c_max_dim=\dimen269
\l_tmpa_dim=\dimen270
\l_tmpb_dim=\dimen271
\g_tmpa_dim=\dimen272
\g_tmpb_dim=\dimen273
\c_zero_skip=\skip67
\c_max_skip=\skip68
\l_tmpa_skip=\skip69
\l_tmpb_skip=\skip70
\g_tmpa_skip=\skip71
\g_tmpb_skip=\skip72
\c_zero_muskip=\muskip12
\c_max_muskip=\muskip13
\l_tmpa_muskip=\muskip14
\l_tmpb_muskip=\muskip15
\g_tmpa_muskip=\muskip16
\g_tmpb_muskip=\muskip17
\l_keys_choice_int=\count188
\c__fp_leading_shift_int=\count189
\c__fp_middle_shift_int=\count190
\c__fp_trailing_shift_int=\count191
\c__fp_big_leading_shift_int=\count192
\c__fp_big_middle_shift_int=\count193
\c__fp_big_trailing_shift_int=\count194
\c__fp_Bigg_leading_shift_int=\count195
\c__fp_Bigg_middle_shift_int=\count196
\c__fp_Bigg_trailing_shift_int=\count197
\c__fp_rand_size_int=\count198
\c__fp_rand_four_int=\count199
\c__fp_rand_eight_int=\count266
\l__sort_length_int=\count267
\l__sort_min_int=\count268
\l__sort_top_int=\count269
\l__sort_max_int=\count270
\l__sort_true_max_int=\count271
\l__sort_block_int=\count272
\l__sort_begin_int=\count273
\l__sort_end_int=\count274
\l__sort_A_int=\count275
\l__sort_B_int=\count276
\l__sort_C_int=\count277
\l__tl_build_start_index_int=\count278
\l__tl_build_index_int=\count279
\l__tl_analysis_normal_int=\count280
\l__tl_analysis_index_int=\count281
\l__tl_analysis_nesting_int=\count282
\l__tl_analysis_type_int=\count283
\l__regex_internal_a_int=\count284
\l__regex_internal_b_int=\count285
\l__regex_internal_c_int=\count286
\l__regex_balance_int=\count287
\l__regex_group_level_int=\count288
\l__regex_mode_int=\count289
\c__regex_cs_in_class_mode_int=\count290
\c__regex_cs_mode_int=\count291
\l__regex_catcodes_int=\count292
\l__regex_default_catcodes_int=\count293
\c__regex_catcode_D_int=\count294
\c__regex_catcode_S_int=\count295
\c__regex_catcode_L_int=\count296
\c__regex_catcode_O_int=\count297
\c__regex_catcode_A_int=\count298
\c__regex_all_catcodes_int=\count299
\l__regex_show_lines_int=\count300
\l__regex_min_state_int=\count301
\l__regex_max_state_int=\count302
\l__regex_left_state_int=\count303
\l__regex_right_state_int=\count304
\l__regex_capturing_group_int=\count305
\l__regex_min_pos_int=\count306
\l__regex_max_pos_int=\count307
\l__regex_curr_pos_int=\count308
\l__regex_start_pos_int=\count309
\l__regex_success_pos_int=\count310
\l__regex_curr_char_int=\count311
\l__regex_curr_catcode_int=\count312
\l__regex_last_char_int=\count313
\l__regex_case_changed_char_int=\count314
\l__regex_curr_state_int=\count315
\l__regex_step_int=\count316
\l__regex_min_active_int=\count317
\l__regex_max_active_int=\count318
\l__regex_replacement_csnames_int=\count319
\l__regex_match_count_int=\count320
\l__regex_min_submatch_int=\count321
\l__regex_submatch_int=\count322
\l__regex_zeroth_submatch_int=\count323
\g__regex_trace_regex_int=\count324
\c_empty_box=\box42
\l_tmpa_box=\box43
\l_tmpb_box=\box44
\g_tmpa_box=\box45
\g_tmpb_box=\box46
\l__box_top_dim=\dimen274
\l__box_bottom_dim=\dimen275
\l__box_left_dim=\dimen276
\l__box_right_dim=\dimen277
\l__box_top_new_dim=\dimen278
\l__box_bottom_new_dim=\dimen279
\l__box_left_new_dim=\dimen280
\l__box_right_new_dim=\dimen281
\l__box_internal_box=\box47
\l__coffin_internal_box=\box48
\l__coffin_internal_dim=\dimen282
\l__coffin_offset_x_dim=\dimen283
\l__coffin_offset_y_dim=\dimen284
\l__coffin_x_dim=\dimen285
\l__coffin_y_dim=\dimen286
\l__coffin_x_prime_dim=\dimen287
\l__coffin_y_prime_dim=\dimen288
\c_empty_coffin=\box49
\l__coffin_aligned_coffin=\box50
\l__coffin_aligned_internal_coffin=\box51
\l_tmpa_coffin=\box52
\l_tmpb_coffin=\box53
\l__coffin_display_coffin=\box54
\l__coffin_display_coord_coffin=\box55
\l__coffin_display_pole_coffin=\box56
\l__coffin_display_offset_dim=\dimen289
\l__coffin_display_x_dim=\dimen290
\l__coffin_display_y_dim=\dimen291
\l__coffin_bounding_shift_dim=\dimen292
\l__coffin_left_corner_dim=\dimen293
\l__coffin_right_corner_dim=\dimen294
\l__coffin_bottom_corner_dim=\dimen295
\l__coffin_top_corner_dim=\dimen296
\l__coffin_scaled_total_height_dim=\dimen297
\l__coffin_scaled_width_dim=\dimen298
)
(c:/texlive/2018/texmf-dist/tex/latex/l3kernel/l3pdfmode.def
File: l3pdfmode.def 2017/03/18 v L3 Experimental driver: PDF mode
\l__driver_color_stack_int=\count325
))
Package: xparse 2018/02/21 L3 Experimental document command parser
\l__xparse_current_arg_int=\count326
\g__xparse_grabber_int=\count327
\l__xparse_m_args_int=\count328
\l__xparse_mandatory_args_int=\count329
\l__xparse_v_nesting_int=\count330
)
.................................................
. LaTeX info: "xparse/define-command"
. 
. Defining command \psCalc with sig. 'm' on line 23.
.................................................
)
(c:/texlive/2018/texmf-dist/tex/latex/listings/lstlang1.sty
File: lstlang1.sty 2015/06/04 1.6 listings language file
)
Package hyperref Info: Option `colorlinks' set `true' on input line 61.
Package hyperref Info: Option `breaklinks' set `true' on input line 61.

(./NN18 Task 2 Luis Moran Cordon 118XXXXX Quentin Loiseau 11805618.aux)
\openout1 = `"NN18 Task 2 Luis Moran Cordon 118XXXXX Quentin Loiseau 11805618.a
ux"'.

LaTeX Font Info:    Checking defaults for OML/cmm/m/it on input line 67.
LaTeX Font Info:    ... okay on input line 67.
LaTeX Font Info:    Checking defaults for T1/cmr/m/n on input line 67.
LaTeX Font Info:    ... okay on input line 67.
LaTeX Font Info:    Checking defaults for OT1/cmr/m/n on input line 67.
LaTeX Font Info:    ... okay on input line 67.
LaTeX Font Info:    Checking defaults for OMS/cmsy/m/n on input line 67.
LaTeX Font Info:    ... okay on input line 67.
LaTeX Font Info:    Checking defaults for OMX/cmex/m/n on input line 67.
LaTeX Font Info:    ... okay on input line 67.
LaTeX Font Info:    Checking defaults for U/cmr/m/n on input line 67.
LaTeX Font Info:    ... okay on input line 67.
LaTeX Font Info:    Checking defaults for TS1/cmr/m/n on input line 67.
LaTeX Font Info:    Try loading font information for TS1+cmr on input line 67.

(c:/texlive/2018/texmf-dist/tex/latex/base/ts1cmr.fd
File: ts1cmr.fd 2014/09/29 v2.5h Standard LaTeX font definitions
)
LaTeX Font Info:    ... okay on input line 67.
LaTeX Font Info:    Checking defaults for PD1/pdf/m/n on input line 67.
LaTeX Font Info:    ... okay on input line 67.
LaTeX Font Info:    Try loading font information for T1+lmr on input line 67.

(c:/texlive/2018/texmf-dist/tex/latex/lm/t1lmr.fd
File: t1lmr.fd 2009/10/30 v1.6 Font defs for Latin Modern
)
*geometry* driver: auto-detecting
*geometry* detected driver: pdftex
*geometry* verbose mode - [ preamble ] result:
* driver: pdftex
* paper: a4paper
* layout: <same size as paper>
* layoutoffset:(h,v)=(0.0pt,0.0pt)
* modes: 
* h-part:(L,W,R)=(56.9055pt, 483.69687pt, 56.9055pt)
* v-part:(T,H,B)=(85.35826pt, 674.33032pt, 85.35826pt)
* \paperwidth=597.50787pt
* \paperheight=845.04684pt
* \textwidth=483.69687pt
* \textheight=674.33032pt
* \oddsidemargin=-15.36449pt
* \evensidemargin=-15.36449pt
* \topmargin=-23.91173pt
* \headheight=25.0pt
* \headsep=25.0pt
* \topskip=10.0pt
* \footskip=30.0pt
* \marginparwidth=57.0pt
* \marginparsep=11.0pt
* \columnsep=10.0pt
* \skip\footins=9.0pt plus 4.0pt minus 2.0pt
* \hoffset=0.0pt
* \voffset=0.0pt
* \mag=1000
* \@twocolumnfalse
* \@twosidefalse
* \@mparswitchfalse
* \@reversemarginfalse
* (1in=72.27pt=25.4mm, 1cm=28.453pt)

(c:/texlive/2018/texmf-dist/tex/context/base/mkii/supp-pdf.mkii
[Loading MPS to PDF converter (version 2006.09.02).]
\scratchcounter=\count331
\scratchdimen=\dimen299
\scratchbox=\box57
\nofMPsegments=\count332
\nofMParguments=\count333
\everyMPshowfont=\toks50
\MPscratchCnt=\count334
\MPscratchDim=\dimen300
\MPnumerator=\count335
\makeMPintoPDFobject=\count336
\everyMPtoPDFconversion=\toks51
) (c:/texlive/2018/texmf-dist/tex/latex/oberdiek/epstopdf-base.sty
Package: epstopdf-base 2016/05/15 v2.6 Base part for package epstopdf

(c:/texlive/2018/texmf-dist/tex/latex/oberdiek/grfext.sty
Package: grfext 2016/05/16 v1.2 Manage graphics extensions (HO)
)
Package epstopdf-base Info: Redefining graphics rule for `.eps' on input line 4
38.
Package grfext Info: Graphics extension search list:
(grfext)             [.pdf,.png,.jpg,.mps,.jpeg,.jbig2,.jb2,.PDF,.PNG,.JPG,.JPE
G,.JBIG2,.JB2,.eps]
(grfext)             \AppendGraphicsExtensions on input line 456.

(c:/texlive/2018/texmf-dist/tex/latex/latexconfig/epstopdf-sys.cfg
File: epstopdf-sys.cfg 2010/07/13 v1.3 Configuration of (r)epstopdf for TeX Liv
e
))
\c@lstlisting=\count337
\AtBeginShipoutBox=\box58
Package hyperref Info: Link coloring ON on input line 67.

(c:/texlive/2018/texmf-dist/tex/latex/hyperref/nameref.sty
Package: nameref 2016/05/21 v2.44 Cross-referencing by name of section

(c:/texlive/2018/texmf-dist/tex/generic/oberdiek/gettitlestring.sty
Package: gettitlestring 2016/05/16 v1.5 Cleanup title references (HO)
)
\c@section@level=\count338
)
LaTeX Info: Redefining \ref on input line 67.
LaTeX Info: Redefining \pageref on input line 67.
LaTeX Info: Redefining \nameref on input line 67.

(./NN18 Task 2 Luis Moran Cordon 118XXXXX Quentin Loiseau 11805618.out)
(./NN18 Task 2 Luis Moran Cordon 118XXXXX Quentin Loiseau 11805618.out)
\@outlinefile=\write3
\openout3 = `"NN18 Task 2 Luis Moran Cordon 118XXXXX Quentin Loiseau 11805618.o
ut"'.

Package caption Info: Begin \AtBeginDocument code.
Package caption Info: float package is loaded.
Package caption Info: End \AtBeginDocument code.
LaTeX Font Info:    Try loading font information for OT1+lmr on input line 69.

(c:/texlive/2018/texmf-dist/tex/latex/lm/ot1lmr.fd
File: ot1lmr.fd 2009/10/30 v1.6 Font defs for Latin Modern
)
LaTeX Font Info:    Try loading font information for OML+lmm on input line 69.

(c:/texlive/2018/texmf-dist/tex/latex/lm/omllmm.fd
File: omllmm.fd 2009/10/30 v1.6 Font defs for Latin Modern
)
LaTeX Font Info:    Try loading font information for OMS+lmsy on input line 69.


(c:/texlive/2018/texmf-dist/tex/latex/lm/omslmsy.fd
File: omslmsy.fd 2009/10/30 v1.6 Font defs for Latin Modern
)
LaTeX Font Info:    Try loading font information for OMX+lmex on input line 69.


(c:/texlive/2018/texmf-dist/tex/latex/lm/omxlmex.fd
File: omxlmex.fd 2009/10/30 v1.6 Font defs for Latin Modern
)
LaTeX Font Info:    External font `lmex10' loaded for size
(Font)              <12> on input line 69.
LaTeX Font Info:    External font `lmex10' loaded for size
(Font)              <8> on input line 69.
LaTeX Font Info:    External font `lmex10' loaded for size
(Font)              <6> on input line 69.
LaTeX Font Info:    Try loading font information for U+msa on input line 69.

(c:/texlive/2018/texmf-dist/tex/latex/amsfonts/umsa.fd
File: umsa.fd 2013/01/14 v3.01 AMS symbols A
)
LaTeX Font Info:    Try loading font information for U+msb on input line 69.

(c:/texlive/2018/texmf-dist/tex/latex/amsfonts/umsb.fd
File: umsb.fd 2013/01/14 v3.01 AMS symbols B
) [1
Non-PDF special ignored!
<special> header=pstricks.pro
Non-PDF special ignored!
<special> header=pst-algparser.pro
Non-PDF special ignored!
<special> header=pst-tools.pro
Non-PDF special ignored!
<special> header=pst-dots.pro
Non-PDF special ignored!
<special> header=pst-node.pro
Non-PDF special ignored!
<special> header=pst-3d.pro
Non-PDF special ignored!
<special> header=pst-math.pro
Non-PDF special ignored!
<special> header=pstricks-add.pro

Non-PDF special ignored!
<special> ps: /pssetRGBcolor /setrgbcolor load def /pssetCMYKcolor /setcmyk...
Non-PDF special ignored!
<special> ps:tx@Dict begin  gsave STV CP T /ps@rot 0 def grestore  end
Non-PDF special ignored!
<special> ps:tx@Dict begin  gsave STV CP T /ps@refangle 0.  def grestore  e...
Non-PDF special ignored!
<special> ps:tx@Dict begin  gsave STV CP T /ps@rot 0 def grestore  end
{c:/texlive/2018/texmf-var/fonts/map/pdftex/updmap/pdftex.map}]
Chapter 1.
pdfTeX warning (ext4): destination with the same identifier (name{page.1}) has 
been already used, duplicate ignored
<to be read again> 
                   \relax 
l.85 \chapter
             {Implementation of the Neural Network} [1

]
Chapter 2.
LaTeX Font Info:    Try loading font information for TS1+lmr on input line 89.
(c:/texlive/2018/texmf-dist/tex/latex/lm/ts1lmr.fd
File: ts1lmr.fd 2009/10/30 v1.6 Font defs for Latin Modern
)
LaTeX Font Info:    External font `lmex10' loaded for size
(Font)              <10> on input line 98.
LaTeX Font Info:    External font `lmex10' loaded for size
(Font)              <7> on input line 98.
LaTeX Font Info:    External font `lmex10' loaded for size
(Font)              <5> on input line 98.
 [2

]
<graficas/test-20-20-5-0,05.png, id=61, 462.528pt x 346.896pt>
File: graficas/test-20-20-5-0,05.png Graphic file (type png)
<use graficas/test-20-20-5-0,05.png>
Package pdftex.def Info: graficas/test-20-20-5-0,05.png  used on input line 144
.
(pdftex.def)             Requested size: 231.26343pt x 173.44757pt.
<graficas/testDeverdadlootroesval202050,05.png, id=63, 462.528pt x 346.896pt>
File: graficas/testDeverdadlootroesval202050,05.png Graphic file (type png)
<use graficas/testDeverdadlootroesval202050,05.png>
Package pdftex.def Info: graficas/testDeverdadlootroesval202050,05.png  used on
 input line 150.
(pdftex.def)             Requested size: 231.26343pt x 173.44757pt.


LaTeX Warning: `h' float specifier changed to `ht'.

<graficas/20200,05val.png, id=64, 462.528pt x 346.896pt>
File: graficas/20200,05val.png Graphic file (type png)
<use graficas/20200,05val.png>
Package pdftex.def Info: graficas/20200,05val.png  used on input line 156.
(pdftex.def)             Requested size: 231.26343pt x 173.44757pt.

LaTeX Warning: `h' float specifier changed to `ht'.

File: graficas/20200,05val.png Graphic file (type png)
<use graficas/20200,05val.png>
Package pdftex.def Info: graficas/20200,05val.png  used on input line 162.
(pdftex.def)             Requested size: 231.26343pt x 173.44757pt.

LaTeX Warning: `h' float specifier changed to `ht'.

<graficas/15075val.png, id=65, 462.528pt x 346.896pt>
File: graficas/15075val.png Graphic file (type png)
<use graficas/15075val.png>
Package pdftex.def Info: graficas/15075val.png  used on input line 168.
(pdftex.def)             Requested size: 231.26343pt x 173.44757pt.

LaTeX Warning: `h' float specifier changed to `ht'.

<graficas/15075test.png, id=66, 462.528pt x 346.896pt>
File: graficas/15075test.png Graphic file (type png)
<use graficas/15075test.png>
Package pdftex.def Info: graficas/15075test.png  used on input line 174.
(pdftex.def)             Requested size: 231.26343pt x 173.44757pt.

LaTeX Warning: `h' float specifier changed to `ht'.

<graficas/150025.png, id=67, 462.528pt x 346.896pt>
File: graficas/150025.png Graphic file (type png)
<use graficas/150025.png>
Package pdftex.def Info: graficas/150025.png  used on input line 180.
(pdftex.def)             Requested size: 231.26343pt x 173.44757pt.

LaTeX Warning: `h' float specifier changed to `ht'.

<graficas/150025test.png, id=68, 462.528pt x 346.896pt>
File: graficas/150025test.png Graphic file (type png)
<use graficas/150025test.png>
Package pdftex.def Info: graficas/150025test.png  used on input line 186.
(pdftex.def)             Requested size: 231.26343pt x 173.44757pt.

LaTeX Warning: `h' float specifier changed to `ht'.

Package atveryend Info: Empty hook `BeforeClearDocument' on input line 194.
<TU_Graz_logo.png, id=69, 319.1925pt x 159.59625pt>
File: TU_Graz_logo.png Graphic file (type png)
<use TU_Graz_logo.png>
Package pdftex.def Info: TU_Graz_logo.png  used on input line 194.
(pdftex.def)             Requested size: 111.71904pt x 55.85951pt.

Package Fancyhdr Warning: \headheight is too small (25.0pt): 
 Make it at least 59.45955pt.
 We now make it that large for the rest of the document.
 This may cause the page layout to be inconsistent, however.

[3 <./TU_Graz_logo.png> <./graficas/test-20-20-5-0,05.png>]
File: TU_Graz_logo.png Graphic file (type png)
<use TU_Graz_logo.png>
Package pdftex.def Info: TU_Graz_logo.png  used on input line 194.
(pdftex.def)             Requested size: 111.71904pt x 55.85951pt.


Package Fancyhdr Warning: \headheight is too small (25.0pt): 
 Make it at least 59.45955pt.
 We now make it that large for the rest of the document.
 This may cause the page layout to be inconsistent, however.

[4 <./graficas/testDeverdadlootroesval202050,05.png> <./graficas/20200,05val.pn
g>]
File: TU_Graz_logo.png Graphic file (type png)
<use TU_Graz_logo.png>
Package pdftex.def Info: TU_Graz_logo.png  used on input line 194.
(pdftex.def)             Requested size: 111.71904pt x 55.85951pt.


Package Fancyhdr Warning: \headheight is too small (25.0pt): 
 Make it at least 59.45955pt.
 We now make it that large for the rest of the document.
 This may cause the page layout to be inconsistent, however.

[5 <./graficas/15075val.png> <./graficas/15075test.png>]
File: TU_Graz_logo.png Graphic file (type png)
<use TU_Graz_logo.png>
Package pdftex.def Info: TU_Graz_logo.png  used on input line 194.
(pdftex.def)             Requested size: 111.71904pt x 55.85951pt.


Package Fancyhdr Warning: \headheight is too small (25.0pt): 
 Make it at least 59.45955pt.
 We now make it that large for the rest of the document.
 This may cause the page layout to be inconsistent, however.

[6 <./graficas/150025.png> <./graficas/150025test.png>]
Package atveryend Info: Empty hook `AfterLastShipout' on input line 194.

(./NN18 Task 2 Luis Moran Cordon 118XXXXX Quentin Loiseau 11805618.aux)
Package atveryend Info: Executing hook `AtVeryEndDocument' on input line 194.
Package atveryend Info: Executing hook `AtEndAfterFileList' on input line 194.
Package rerunfilecheck Info: File `"NN18 Task 2 Luis Moran Cordon 118XXXXX Quen
tin Loiseau 11805618".out' has not changed.
(rerunfilecheck)             Checksum: AD512A6747270F77768B437ACEB2B46F;407.
Package atveryend Info: Empty hook `AtVeryVeryEnd' on input line 194.
 ) 
Here is how much of TeX's memory you used:
 28316 strings out of 492649
 502011 string characters out of 6133383
 659151 words of memory out of 5000000
 31762 multiletter control sequences out of 15000+600000
 587754 words of font info for 68 fonts, out of 8000000 for 9000
 1141 hyphenation exceptions out of 8191
 39i,16n,77p,10445b,381s stack positions out of 5000i,500n,10000p,200000b,80000s
{c:/texlive/2018/texmf-dist/fonts/enc/dvips/lm/lm-ts1.enc}{c:/texlive/2018/te
xmf-dist/fonts/enc/dvips/lm/lm-mathsy.enc}{c:/texlive/2018/texmf-dist/fonts/enc
/dvips/lm/lm-rm.enc}{c:/texlive/2018/texmf-dist/fonts/enc/dvips/lm/lm-mathit.en
c}{c:/texlive/2018/texmf-dist/fonts/enc/dvips/lm/lm-ec.enc}<c:/texlive/2018/tex
mf-dist/fonts/type1/public/lm/lmbx10.pfb><c:/texlive/2018/texmf-dist/fonts/type
1/public/lm/lmbx12.pfb><c:/texlive/2018/texmf-dist/fonts/type1/public/lm/lmmi10
.pfb><c:/texlive/2018/texmf-dist/fonts/type1/public/lm/lmmi7.pfb><c:/texlive/20
18/texmf-dist/fonts/type1/public/lm/lmr10.pfb><c:/texlive/2018/texmf-dist/fonts
/type1/public/lm/lmr12.pfb><c:/texlive/2018/texmf-dist/fonts/type1/public/lm/lm
r17.pfb><c:/texlive/2018/texmf-dist/fonts/type1/public/lm/lmri10.pfb><c:/texliv
e/2018/texmf-dist/fonts/type1/public/lm/lmsy10.pfb>
Output written on "NN18 Task 2 Luis Moran Cordon 118XXXXX Quentin Loiseau 11805
618.pdf" (7 pages, 455423 bytes).
PDF statistics:
 164 PDF objects out of 1000 (max. 8388607)
 128 compressed objects within 2 object streams
 40 named destinations out of 1000 (max. 500000)
 89 words of extra memory for PDF output out of 10000 (max. 10000000)

